<?xml version="1.0" encoding="UTF-8"?>
<!-- Generated by org.testng.reporters.JUnitReportReporter -->
<testsuite hostname="DESKTOP-HULD13P" failures="0" tests="1" name="UC01.search" time="0.302" errors="0" timestamp="2025-06-18T11:19:20 ICT" skipped="0">
  <testcase classname="UC01.search" name="TC_001" time="0.302"/>
  <system-out/>
</testsuite> <!-- UC01.search -->
