<?xml version="1.0" encoding="UTF-8"?>
<!-- Generated by org.testng.reporters.JUnitReportReporter -->
<testsuite hostname="DESKTOP-HULD13P" failures="0" tests="6" name="UC01.search" time="17.530" errors="0" timestamp="2025-06-18T19:51:31 ICT" skipped="0">
  <testcase classname="UC01.search" name="TC_004" time="1.526"/>
  <system-out/>
  <testcase classname="UC01.search" name="TC_006" time="1.402"/>
  <system-out/>
  <testcase classname="UC01.search" name="TC_003" time="2.052"/>
  <system-out/>
  <testcase classname="UC01.search" name="TC_001" time="0.242"/>
  <system-out/>
  <testcase classname="UC01.search" name="TC_002" time="1.352"/>
  <system-out/>
  <testcase classname="UC01.search" name="TC_005" time="10.956"/>
  <system-out/>
</testsuite> <!-- UC01.search -->
