<?xml version="1.0" encoding="UTF-8"?>
<!-- Generated by org.testng.reporters.JUnitReportReporter -->
<testsuite hostname="DESKTOP-HULD13P" failures="0" tests="2" name="UC06.wishlist" time="14.911" errors="0" timestamp="2025-06-18T20:15:31 ICT" skipped="0">
  <testcase classname="UC06.wishlist" name="TC_006" time="1.625"/>
  <system-out/>
  <testcase classname="UC06.wishlist" name="TC_005" time="13.286"/>
  <system-out/>
</testsuite> <!-- UC06.wishlist -->
